
> labs-server@1.0.0 start
> npm run build && node dist/index.js


> labs-server@1.0.0 build
> npx tsc

Server running at http://localhost:3000

> labs-server@1.0.0 start
> npm run build && node dist/index.js


> labs-server@1.0.0 build
> npx tsc


> labs-server@1.0.0 start
> npm run build && node dist/index.js


> labs-server@1.0.0 build
> npx tsc

node:events:492
      throw er; // Unhandled 'error' event
      ^

Error: listen EADDRINUSE: address already in use :::3000
    at Server.setupListenHandle [as _listen2] (node:net:1872:16)
    at listenInCluster (node:net:1920:12)
    at Server.listen (node:net:2008:7)
    at Function.listen (/Users/angelakim/Desktop/437/express-server/node_modules/express/lib/application.js:635:24)
    at setUpServer (/Users/angelakim/Desktop/437/express-server/dist/index.js:38:9)
    at process.processTicksAndRejections (node:internal/process/task_queues:95:5)
Emitted 'error' event on Server instance at:
    at emitErrorNT (node:net:1899:8)
    at process.processTicksAndRejections (node:internal/process/task_queues:82:21) {
  code: 'EADDRINUSE',
  errno: -48,
  syscall: 'listen',
  address: '::',
  port: 3000
}

Node.js v20.10.0
node:events:492
      throw er; // Unhandled 'error' event
      ^

Error: listen EADDRINUSE: address already in use :::3000
    at Server.setupListenHandle [as _listen2] (node:net:1872:16)
    at listenInCluster (node:net:1920:12)
    at Server.listen (node:net:2008:7)
    at Function.listen (/Users/angelakim/Desktop/437/express-server/node_modules/express/lib/application.js:635:24)
    at setUpServer (/Users/angelakim/Desktop/437/express-server/dist/index.js:38:9)
    at process.processTicksAndRejections (node:internal/process/task_queues:95:5)
Emitted 'error' event on Server instance at:
    at emitErrorNT (node:net:1899:8)
    at process.processTicksAndRejections (node:internal/process/task_queues:82:21) {
  code: 'EADDRINUSE',
  errno: -48,
  syscall: 'listen',
  address: '::',
  port: 3000
}

Node.js v20.10.0
sh: line 1: 49105 Killed: 9               node dist/index.js

> labs-server@1.0.0 start
> npm run build && node dist/index.js


> labs-server@1.0.0 build
> npx tsc

Server running at http://localhost:3000
sh: line 1: 51319 Killed: 9               node dist/index.js
